[ 2019-04-15T14:27:30+08:00 ] ::1 /carshop/Public/pc/style/jbox/jquery.jBox-2.3.min.js
INFO: [ app_init ] --START--
INFO: Run Behavior\BuildLiteBehavior [ RunTime:0.000000s ]
INFO: [ app_init ] --END-- [ RunTime:0.001000s ]
ERR: 无法加载模块:Public

[ 2019-04-15T14:27:30+08:00 ] ::1 /carshop/Public/pc/style/validForm/FormValid.js
INFO: [ app_init ] --START--
INFO: Run Behavior\BuildLiteBehavior [ RunTime:0.000000s ]
INFO: [ app_init ] --END-- [ RunTime:0.005000s ]
ERR: 无法加载模块:Public

[ 2019-04-15T14:27:30+08:00 ] ::1 /carshop/js/jquery.lightbox-0.5.min.js
INFO: [ app_init ] --START--
INFO: Run Behavior\BuildLiteBehavior [ RunTime:0.000000s ]
INFO: [ app_init ] --END-- [ RunTime:0.001000s ]
ERR: 无法加载模块:Js

[ 2019-04-15T14:27:30+08:00 ] ::1 /carshop/Public/pc/style/validForm/FormValid.js
INFO: [ app_init ] --START--
INFO: Run Behavior\BuildLiteBehavior [ RunTime:0.000000s ]
INFO: [ app_init ] --END-- [ RunTime:0.001000s ]
ERR: 无法加载模块:Public

[ 2019-04-15T14:27:30+08:00 ] ::1 /carshop/Public/pc/style/jbox/jquery.jBox-2.3.min.js
INFO: [ app_init ] --START--
INFO: Run Behavior\BuildLiteBehavior [ RunTime:0.001000s ]
INFO: [ app_init ] --END-- [ RunTime:0.001000s ]
ERR: 无法加载模块:Public

[ 2019-04-15T14:27:30+08:00 ] ::1 /carshop/js/jquery.lightbox-0.5.min.js
INFO: [ app_init ] --START--
INFO: Run Behavior\BuildLiteBehavior [ RunTime:0.000000s ]
INFO: [ app_init ] --END-- [ RunTime:0.001000s ]
ERR: 无法加载模块:Js

[ 2019-04-15T14:48:21+08:00 ] ::1 /carshop/static/assets/sp/css/style1.css
INFO: [ app_init ] --START--
INFO: Run Behavior\BuildLiteBehavior [ RunTime:0.000000s ]
INFO: [ app_init ] --END-- [ RunTime:0.001000s ]
ERR: 无法加载模块:Static

[ 2019-04-15T14:48:21+08:00 ] ::1 /carshop/static/assets/sp/css/normalize.css
INFO: [ app_init ] --START--
INFO: Run Behavior\BuildLiteBehavior [ RunTime:0.000000s ]
INFO: [ app_init ] --END-- [ RunTime:0.005001s ]
ERR: 无法加载模块:Static

[ 2019-04-15T14:48:21+08:00 ] ::1 /carshop/static/assets/sp/dist/jquery-1.11.0.min.js
INFO: [ app_init ] --START--
INFO: Run Behavior\BuildLiteBehavior [ RunTime:0.000000s ]
INFO: [ app_init ] --END-- [ RunTime:0.005001s ]
ERR: 无法加载模块:Static

[ 2019-04-15T14:48:21+08:00 ] ::1 /carshop/static/assets/sp/css/demo.css
INFO: [ app_init ] --START--
INFO: Run Behavior\BuildLiteBehavior [ RunTime:0.000000s ]
INFO: [ app_init ] --END-- [ RunTime:0.002001s ]
ERR: 无法加载模块:Static

[ 2019-04-15T14:48:21+08:00 ] ::1 /carshop/static/assets/sp/dist/jquery.vidbacking.js
INFO: [ app_init ] --START--
INFO: Run Behavior\BuildLiteBehavior [ RunTime:0.000000s ]
INFO: [ app_init ] --END-- [ RunTime:0.001000s ]
ERR: 无法加载模块:Static

[ 2019-04-15T14:48:21+08:00 ] ::1 /carshop/static/assets/sp/asset/int.mp4
INFO: [ app_init ] --START--
INFO: Run Behavior\BuildLiteBehavior [ RunTime:0.000000s ]
INFO: [ app_init ] --END-- [ RunTime:0.001000s ]
ERR: 无法加载模块:Static

[ 2019-04-15T14:48:21+08:00 ] ::1 /carshop/static/assets/sp/dist/jquery.vidbacking.min.css
INFO: [ app_init ] --START--
INFO: Run Behavior\BuildLiteBehavior [ RunTime:0.000000s ]
INFO: [ app_init ] --END-- [ RunTime:0.001000s ]
ERR: 无法加载模块:Static

[ 2019-04-15T14:48:22+08:00 ] ::1 /carshop/static/assets/sp/dist/jquery.vidbacking.js
INFO: [ app_init ] --START--
INFO: Run Behavior\BuildLiteBehavior [ RunTime:0.000000s ]
INFO: [ app_init ] --END-- [ RunTime:0.001000s ]
ERR: 无法加载模块:Static

[ 2019-04-15T14:50:51+08:00 ] ::1 /carshop/undefined
INFO: [ app_init ] --START--
INFO: Run Behavior\BuildLiteBehavior [ RunTime:0.000000s ]
INFO: [ app_init ] --END-- [ RunTime:0.012001s ]
ERR: 无法加载模块:Undefined

[ 2019-04-15T14:54:24+08:00 ] ::1 /carshop/undefined
INFO: [ app_init ] --START--
INFO: Run Behavior\BuildLiteBehavior [ RunTime:0.000000s ]
INFO: [ app_init ] --END-- [ RunTime:0.001000s ]
ERR: 无法加载模块:Undefined

[ 2019-04-15T14:54:25+08:00 ] ::1 /carshop/index.php/index/index/index_lst.html
INFO: [ app_init ] --START--
INFO: Run Behavior\BuildLiteBehavior [ RunTime:0.000000s ]
INFO: [ app_init ] --END-- [ RunTime:0.001000s ]
ERR: 无法加载模块:Index

[ 2019-04-15T14:54:37+08:00 ] ::1 /carshop/undefined
INFO: [ app_init ] --START--
INFO: Run Behavior\BuildLiteBehavior [ RunTime:0.000000s ]
INFO: [ app_init ] --END-- [ RunTime:0.001000s ]
ERR: 无法加载模块:Undefined

[ 2019-04-15T15:17:39+08:00 ] ::1 /carshop/undefined
INFO: [ app_init ] --START--
INFO: Run Behavior\BuildLiteBehavior [ RunTime:0.000000s ]
INFO: [ app_init ] --END-- [ RunTime:0.001000s ]
ERR: 无法加载模块:Undefined

[ 2019-04-15T15:46:22+08:00 ] ::1 /carshop/Public/home/other/js/dist/jquery-migrate.min.map
INFO: [ app_init ] --START--
INFO: Run Behavior\BuildLiteBehavior [ RunTime:0.000000s ]
INFO: [ app_init ] --END-- [ RunTime:0.001000s ]
ERR: 无法加载模块:Public

[ 2019-04-15T15:47:02+08:00 ] ::1 /carshop/Public/home/other/js/dist/jquery-migrate.min.map
INFO: [ app_init ] --START--
INFO: Run Behavior\BuildLiteBehavior [ RunTime:0.000000s ]
INFO: [ app_init ] --END-- [ RunTime:0.001000s ]
ERR: 无法加载模块:Public

[ 2019-04-15T15:48:49+08:00 ] ::1 /carshop/Public/home/other/js/dist/jquery-migrate.min.map
INFO: [ app_init ] --START--
INFO: Run Behavior\BuildLiteBehavior [ RunTime:0.000000s ]
INFO: [ app_init ] --END-- [ RunTime:0.000000s ]
ERR: 无法加载模块:Public

[ 2019-04-15T15:48:54+08:00 ] ::1 /carshop/Public/home/other/js/dist/jquery-migrate.min.map
INFO: [ app_init ] --START--
INFO: Run Behavior\BuildLiteBehavior [ RunTime:0.000000s ]
INFO: [ app_init ] --END-- [ RunTime:0.001001s ]
ERR: 无法加载模块:Public

[ 2019-04-15T15:48:56+08:00 ] ::1 /carshop/Public/home/other/js/dist/jquery-migrate.min.map
INFO: [ app_init ] --START--
INFO: Run Behavior\BuildLiteBehavior [ RunTime:0.000000s ]
INFO: [ app_init ] --END-- [ RunTime:0.000000s ]
ERR: 无法加载模块:Public

[ 2019-04-15T15:49:05+08:00 ] ::1 /carshop/Public/home/other/js/dist/jquery-migrate.min.map
INFO: [ app_init ] --START--
INFO: Run Behavior\BuildLiteBehavior [ RunTime:0.000000s ]
INFO: [ app_init ] --END-- [ RunTime:0.001000s ]
ERR: 无法加载模块:Public

[ 2019-04-15T15:50:01+08:00 ] ::1 /carshop/Public/home/other/js/dist/jquery-migrate.min.map
INFO: [ app_init ] --START--
INFO: Run Behavior\BuildLiteBehavior [ RunTime:0.000000s ]
INFO: [ app_init ] --END-- [ RunTime:0.001000s ]
ERR: 无法加载模块:Public

[ 2019-04-15T15:50:07+08:00 ] ::1 /carshop/Public/home/other/js/dist/jquery-migrate.min.map
INFO: [ app_init ] --START--
INFO: Run Behavior\BuildLiteBehavior [ RunTime:0.000000s ]
INFO: [ app_init ] --END-- [ RunTime:0.002000s ]
ERR: 无法加载模块:Public

[ 2019-04-15T18:31:45+08:00 ] ::1 /carshop/undefined
INFO: [ app_init ] --START--
INFO: Run Behavior\BuildLiteBehavior [ RunTime:0.000000s ]
INFO: [ app_init ] --END-- [ RunTime:0.001000s ]
ERR: 无法加载模块:Undefined

[ 2019-04-15T20:56:17+08:00 ] ::1 /carshop./Public/Uploads/2016-05-06/572c260d27369.jpg
INFO: [ app_init ] --START--
INFO: Run Behavior\BuildLiteBehavior [ RunTime:0.000000s ]
INFO: [ app_init ] --END-- [ RunTime:0.001000s ]
ERR: 无法加载模块:Public

[ 2019-04-15T20:56:28+08:00 ] ::1 /carshop./Public/Uploads/2016-05-06/572c25f280ede.jpg
INFO: [ app_init ] --START--
INFO: Run Behavior\BuildLiteBehavior [ RunTime:0.000000s ]
INFO: [ app_init ] --END-- [ RunTime:0.001001s ]
ERR: 无法加载模块:Public

[ 2019-04-15T20:56:28+08:00 ] ::1 /carshop./Public/Uploads/2016-05-06/572c260d27369.jpg
INFO: [ app_init ] --START--
INFO: Run Behavior\BuildLiteBehavior [ RunTime:0.000000s ]
INFO: [ app_init ] --END-- [ RunTime:0.006001s ]
ERR: 无法加载模块:Public

[ 2019-04-15T20:57:29+08:00 ] ::1 /carshop./Public/Uploads/2016-04-28/5720e29cd839b.jpg
INFO: [ app_init ] --START--
INFO: Run Behavior\BuildLiteBehavior [ RunTime:0.000000s ]
INFO: [ app_init ] --END-- [ RunTime:0.000000s ]
ERR: 无法加载模块:Public

[ 2019-04-15T20:57:30+08:00 ] ::1 /carshop./Public/Uploads/2016-04-28/5720e25f1d53e.jpg
INFO: [ app_init ] --START--
INFO: Run Behavior\BuildLiteBehavior [ RunTime:0.000000s ]
INFO: [ app_init ] --END-- [ RunTime:0.004000s ]
ERR: 无法加载模块:Public

[ 2019-04-15T20:57:30+08:00 ] ::1 /carshop./Public/Uploads/2016-04-28/5720e284db8d7.jpg
INFO: [ app_init ] --START--
INFO: Run Behavior\BuildLiteBehavior [ RunTime:0.000000s ]
INFO: [ app_init ] --END-- [ RunTime:0.018001s ]
ERR: 无法加载模块:Public

[ 2019-04-15T20:57:33+08:00 ] ::1 /carshop./Public/Uploads/2016-04-27/5720440116c2c.jpg
INFO: [ app_init ] --START--
INFO: Run Behavior\BuildLiteBehavior [ RunTime:0.000000s ]
INFO: [ app_init ] --END-- [ RunTime:0.024001s ]
ERR: 无法加载模块:Public

[ 2019-04-15T20:57:33+08:00 ] ::1 /carshop./Public/Uploads/2016-04-27/5720442390d32.jpg
INFO: [ app_init ] --START--
INFO: Run Behavior\BuildLiteBehavior [ RunTime:0.000000s ]
INFO: [ app_init ] --END-- [ RunTime:0.001000s ]
ERR: 无法加载模块:Public

[ 2019-04-15T20:57:33+08:00 ] ::1 /carshop./Public/Uploads/2016-04-27/572043b5b427e.jpg
INFO: [ app_init ] --START--
INFO: Run Behavior\BuildLiteBehavior [ RunTime:0.001000s ]
INFO: [ app_init ] --END-- [ RunTime:0.009001s ]
ERR: 无法加载模块:Public

[ 2019-04-15T20:57:41+08:00 ] ::1 /carshop./Public/Uploads/2016-05-03/5728bb5fc39d9.jpg
INFO: [ app_init ] --START--
INFO: Run Behavior\BuildLiteBehavior [ RunTime:0.000000s ]
INFO: [ app_init ] --END-- [ RunTime:0.001000s ]
ERR: 无法加载模块:Public

[ 2019-04-15T20:57:44+08:00 ] ::1 /carshop./Public/Uploads/2016-04-07/570650c43db3b.jpg
INFO: [ app_init ] --START--
INFO: Run Behavior\BuildLiteBehavior [ RunTime:0.000000s ]
INFO: [ app_init ] --END-- [ RunTime:0.001000s ]
ERR: 无法加载模块:Public

